INFO: Loading parameters from .\cfg_0_10.yaml
INFO: Loading energies from sys_0_10.txt
INFO: States count: 10
INFO: Loading correlation matrix from xcorr_0_10.txt
INFO: Correlation count: 100
INFO: Building system...
INFO:     Took 3044 milliseconds
INFO: Number of order 1 Hilbert Paths: 10
INFO: Number of order 3 Hilbert Paths: 100
INFO: Computing linear responses separately.
INFO: Saving linear to: sys_0_10_xcorr_0_10_lin_X08.txt
INFO: Saving linear to: sys_0_10_xcorr_0_10_lin_X03.txt
INFO: Saving linear to: sys_0_10_xcorr_0_10_lin_X02.txt
INFO: Saving linear to: sys_0_10_xcorr_0_10_lin_X04.txt
INFO: Saving linear to: sys_0_10_xcorr_0_10_lin_X07.txt
INFO: Saving linear to: sys_0_10_xcorr_0_10_lin_X01.txt
INFO: Saving linear to: sys_0_10_xcorr_0_10_lin_X06.txt
INFO: Saving linear to: sys_0_10_xcorr_0_10_lin_X09.txt
INFO: Saving linear to: sys_0_10_xcorr_0_10_lin_X10.txt
INFO: Saving linear to: sys_0_10_xcorr_0_10_lin_X05.txt
INFO:     Took 584 milliseconds
INFO: Preparing calculation of third order response
INFO: Grid size: (135, 134, 135)
INFO: Saving rephasing to: sys_0_10_xcorr_0_10_rr.bin
INFO: Saving nonrephasing to: sys_0_10_xcorr_0_10_rr.bin
INFO: Computing third order response

Progress:   0%|                                         |  ETA: 0:18:39[K
Progress:   0%|                                         |  ETA: 0:17:02[K
Progress:   1%|                                         |  ETA: 0:15:49[K
Progress:   1%|                                         |  ETA: 0:14:59[K
Progress:   1%|???                                        |  ETA: 0:14:28[K
Progress:   2%|???                                        |  ETA: 0:14:06[K
Progress:   2%|???                                        |  ETA: 0:13:51[K
Progress:   2%|???                                        |  ETA: 0:13:43[K
Progress:   2%|???                                        |  ETA: 0:13:35[K
Progress:   2%|???                                        |  ETA: 0:13:27[K
Progress:   3%|???                                        |  ETA: 0:13:19[K
Progress:   3%|???                                        |  ETA: 0:13:09[K
Progress:   3%|???                                        |  ETA: 0:13:07[K
Progress:   4%|???                                        |  ETA: 0:13:02[K
Progress:   4%|??????                                       |  ETA: 0:12:56[K
Progress:   4%|??????                                       |  ETA: 0:12:48[K
Progress:   4%|??????                                       |  ETA: 0:12:42[K
Progress:   4%|??????                                       |  ETA: 0:12:38[K
Progress:   5%|??????                                       |  ETA: 0:12:31[K
Progress:   5%|??????                                       |  ETA: 0:12:34[K
Progress:   5%|??????                                       |  ETA: 0:12:37[K
Progress:   6%|??????                                       |  ETA: 0:12:34[K
Progress:   6%|??????                                       |  ETA: 0:12:30[K
Progress:   6%|??????                                       |  ETA: 0:12:30[K
Progress:   6%|?????????                                      |  ETA: 0:12:26[K
Progress:   6%|?????????                                      |  ETA: 0:12:22[K
Progress:   7%|?????????                                      |  ETA: 0:12:17[K
Progress:   7%|?????????                                      |  ETA: 0:12:15[K
Progress:   7%|?????????                                      |  ETA: 0:12:16[K
Progress:   8%|?????????                                      |  ETA: 0:12:12[K
Progress:   8%|?????????                                      |  ETA: 0:12:10[K
Progress:   8%|?????????                                      |  ETA: 0:12:06[K
Progress:   8%|?????????                                      |  ETA: 0:12:03[K
Progress:   8%|?????????                                      |  ETA: 0:12:00[K
Progress:   9%|????????????                                     |  ETA: 0:11:57[K
Progress:   9%|????????????                                     |  ETA: 0:11:53[K
Progress:   9%|????????????                                     |  ETA: 0:11:51[K
Progress:  10%|????????????                                     |  ETA: 0:11:47[K
Progress:  10%|????????????                                     |  ETA: 0:11:45[K
Progress:  10%|????????????                                     |  ETA: 0:11:42[K
Progress:  10%|????????????                                     |  ETA: 0:11:40[K
Progress:  10%|????????????                                     |  ETA: 0:11:37[K
Progress:  11%|????????????                                     |  ETA: 0:11:34[K
Progress:  11%|???????????????                                    |  ETA: 0:11:31[K
Progress:  11%|???????????????                                    |  ETA: 0:11:29[K
Progress:  12%|???????????????                                    |  ETA: 0:11:26[K
Progress:  12%|???????????????                                    |  ETA: 0:11:24[K
Progress:  12%|???????????????                                    |  ETA: 0:11:22[K
Progress:  12%|???????????????                                    |  ETA: 0:11:19[K
Progress:  12%|???????????????                                    |  ETA: 0:11:17[K
Progress:  13%|???????????????                                    |  ETA: 0:11:14[K
Progress:  13%|???????????????                                    |  ETA: 0:11:12[K
Progress:  13%|???????????????                                    |  ETA: 0:11:09[K
Progress:  14%|??????????????????                                   |  ETA: 0:11:06[K
Progress:  14%|??????????????????                                   |  ETA: 0:11:04[K
Progress:  14%|??????????????????                                   |  ETA: 0:11:04[K
Progress:  14%|??????????????????                                   |  ETA: 0:11:02[K
Progress:  14%|??????????????????                                   |  ETA: 0:11:01[K
Progress:  15%|??????????????????                                   |  ETA: 0:11:00[K
Progress:  15%|??????????????????                                   |  ETA: 0:10:59[K
Progress:  15%|??????????????????                                   |  ETA: 0:10:58[K
Progress:  16%|??????????????????                                   |  ETA: 0:10:56[K
Progress:  16%|??????????????????                                   |  ETA: 0:10:54[K
Progress:  16%|?????????????????????                                  |  ETA: 0:10:53[K
Progress:  16%|?????????????????????                                  |  ETA: 0:10:51[K
Progress:  16%|?????????????????????                                  |  ETA: 0:10:49[K
Progress:  17%|?????????????????????                                  |  ETA: 0:10:48[K
Progress:  17%|?????????????????????                                  |  ETA: 0:10:46[K
Progress:  17%|?????????????????????                                  |  ETA: 0:10:44[K
Progress:  18%|?????????????????????                                  |  ETA: 0:10:42[K
Progress:  18%|?????????????????????                                  |  ETA: 0:10:40[K
Progress:  18%|?????????????????????                                  |  ETA: 0:10:38[K
Progress:  18%|?????????????????????                                  |  ETA: 0:10:36[K
Progress:  18%|????????????????????????                                 |  ETA: 0:10:34[K
Progress:  19%|????????????????????????                                 |  ETA: 0:10:33[K
Progress:  19%|????????????????????????                                 |  ETA: 0:10:32[K
Progress:  19%|????????????????????????                                 |  ETA: 0:10:31[K
Progress:  20%|????????????????????????                                 |  ETA: 0:10:29[K
Progress:  20%|????????????????????????                                 |  ETA: 0:10:27[K
Progress:  20%|????????????????????????                                 |  ETA: 0:10:25[K
Progress:  20%|????????????????????????                                 |  ETA: 0:10:22[K
Progress:  20%|????????????????????????                                 |  ETA: 0:10:20[K
Progress:  21%|???????????????????????????                                |  ETA: 0:10:18[K
Progress:  21%|???????????????????????????                                |  ETA: 0:10:17[K
Progress:  21%|???????????????????????????                                |  ETA: 0:10:16[K
Progress:  22%|???????????????????????????                                |  ETA: 0:10:14[K
Progress:  22%|???????????????????????????                                |  ETA: 0:10:12[K
Progress:  22%|???????????????????????????                                |  ETA: 0:10:10[K
Progress:  22%|???????????????????????????                                |  ETA: 0:10:08[K
Progress:  22%|???????????????????????????                                |  ETA: 0:10:06[K
Progress:  23%|???????????????????????????                                |  ETA: 0:10:04[K
Progress:  23%|???????????????????????????                                |  ETA: 0:10:02[K
Progress:  23%|??????????????????????????????                               |  ETA: 0:10:01[K
Progress:  24%|??????????????????????????????                               |  ETA: 0:09:59[K
Progress:  24%|??????????????????????????????                               |  ETA: 0:09:57[K
Progress:  24%|??????????????????????????????                               |  ETA: 0:09:55[K
Progress:  24%|??????????????????????????????                               |  ETA: 0:09:53[K
Progress:  24%|??????????????????????????????                               |  ETA: 0:09:51[K
Progress:  25%|??????????????????????????????                               |  ETA: 0:09:50[K
Progress:  25%|??????????????????????????????                               |  ETA: 0:09:48[K
Progress:  25%|??????????????????????????????                               |  ETA: 0:09:47[K
Progress:  26%|??????????????????????????????                               |  ETA: 0:09:45[K
Progress:  26%|?????????????????????????????????                              |  ETA: 0:09:43[K
Progress:  26%|?????????????????????????????????                              |  ETA: 0:09:41[K
Progress:  26%|?????????????????????????????????                              |  ETA: 0:09:39[K
Progress:  26%|?????????????????????????????????                              |  ETA: 0:09:37[K
Progress:  27%|?????????????????????????????????                              |  ETA: 0:09:35[K
Progress:  27%|?????????????????????????????????                              |  ETA: 0:09:33[K
Progress:  27%|?????????????????????????????????                              |  ETA: 0:09:32[K
Progress:  28%|?????????????????????????????????                              |  ETA: 0:09:30[K
Progress:  28%|?????????????????????????????????                              |  ETA: 0:09:28[K
Progress:  28%|?????????????????????????????????                              |  ETA: 0:09:26[K
Progress:  28%|????????????????????????????????????                             |  ETA: 0:09:24[K
Progress:  28%|????????????????????????????????????                             |  ETA: 0:09:22[K
Progress:  29%|????????????????????????????????????                             |  ETA: 0:09:20[K
Progress:  29%|????????????????????????????????????                             |  ETA: 0:09:18[K
Progress:  29%|????????????????????????????????????                             |  ETA: 0:09:16[K
Progress:  30%|????????????????????????????????????                             |  ETA: 0:09:14[K
Progress:  30%|????????????????????????????????????                             |  ETA: 0:09:12[K
Progress:  30%|????????????????????????????????????                             |  ETA: 0:09:10[K
Progress:  30%|????????????????????????????????????                             |  ETA: 0:09:08[K
Progress:  30%|???????????????????????????????????????                            |  ETA: 0:09:06[K
Progress:  31%|???????????????????????????????????????                            |  ETA: 0:09:04[K
Progress:  31%|???????????????????????????????????????                            |  ETA: 0:09:01[K
Progress:  31%|???????????????????????????????????????                            |  ETA: 0:09:00[K
Progress:  32%|???????????????????????????????????????                            |  ETA: 0:08:59[K
Progress:  32%|???????????????????????????????????????                            |  ETA: 0:08:57[K
Progress:  32%|???????????????????????????????????????                            |  ETA: 0:08:55[K
Progress:  32%|???????????????????????????????????????                            |  ETA: 0:08:54[K
Progress:  32%|???????????????????????????????????????                            |  ETA: 0:08:52[K
Progress:  33%|???????????????????????????????????????                            |  ETA: 0:08:50[K
Progress:  33%|??????????????????????????????????????????                           |  ETA: 0:08:48[K
Progress:  33%|??????????????????????????????????????????                           |  ETA: 0:08:47[K
Progress:  34%|??????????????????????????????????????????                           |  ETA: 0:08:45[K
Progress:  34%|??????????????????????????????????????????                           |  ETA: 0:08:43[K
Progress:  34%|??????????????????????????????????????????                           |  ETA: 0:08:41[K
Progress:  34%|??????????????????????????????????????????                           |  ETA: 0:08:39[K
Progress:  34%|??????????????????????????????????????????                           |  ETA: 0:08:37[K
Progress:  35%|??????????????????????????????????????????                           |  ETA: 0:08:35[K
Progress:  35%|??????????????????????????????????????????                           |  ETA: 0:08:33[K
Progress:  35%|??????????????????????????????????????????                           |  ETA: 0:08:31[K
Progress:  36%|?????????????????????????????????????????????                          |  ETA: 0:08:29[K
Progress:  36%|?????????????????????????????????????????????                          |  ETA: 0:08:28[K
Progress:  36%|?????????????????????????????????????????????                          |  ETA: 0:08:26[K
Progress:  36%|?????????????????????????????????????????????                          |  ETA: 0:08:24[K
Progress:  36%|?????????????????????????????????????????????                          |  ETA: 0:08:22[K
Progress:  37%|?????????????????????????????????????????????                          |  ETA: 0:08:20[K
Progress:  37%|?????????????????????????????????????????????                          |  ETA: 0:08:18[K
Progress:  37%|?????????????????????????????????????????????                          |  ETA: 0:08:16[K
Progress:  38%|?????????????????????????????????????????????                          |  ETA: 0:08:14[K
Progress:  38%|?????????????????????????????????????????????                          |  ETA: 0:08:12[K
Progress:  38%|????????????????????????????????????????????????                         |  ETA: 0:08:10[K
Progress:  38%|????????????????????????????????????????????????                         |  ETA: 0:08:08[K
Progress:  38%|????????????????????????????????????????????????                         |  ETA: 0:08:06[K
Progress:  39%|????????????????????????????????????????????????                         |  ETA: 0:08:04[K
Progress:  39%|????????????????????????????????????????????????                         |  ETA: 0:08:02[K
Progress:  39%|????????????????????????????????????????????????                         |  ETA: 0:08:00[K
Progress:  40%|????????????????????????????????????????????????                         |  ETA: 0:07:57[K
Progress:  40%|????????????????????????????????????????????????                         |  ETA: 0:07:55[K
Progress:  40%|????????????????????????????????????????????????                         |  ETA: 0:07:54[K
Progress:  40%|???????????????????????????????????????????????????                        |  ETA: 0:07:52[K
Progress:  40%|???????????????????????????????????????????????????                        |  ETA: 0:07:50[K
Progress:  41%|???????????????????????????????????????????????????                        |  ETA: 0:07:48[K
Progress:  41%|???????????????????????????????????????????????????                        |  ETA: 0:07:46[K
Progress:  41%|???????????????????????????????????????????????????                        |  ETA: 0:07:44[K
Progress:  42%|???????????????????????????????????????????????????                        |  ETA: 0:07:42[K
Progress:  42%|???????????????????????????????????????????????????                        |  ETA: 0:07:40[K
Progress:  42%|???????????????????????????????????????????????????                        |  ETA: 0:07:38[K
Progress:  42%|???????????????????????????????????????????????????                        |  ETA: 0:07:36[K
Progress:  42%|???????????????????????????????????????????????????                        |  ETA: 0:07:34[K
Progress:  43%|??????????????????????????????????????????????????????                       |  ETA: 0:07:32[K
Progress:  43%|??????????????????????????????????????????????????????                       |  ETA: 0:07:30[K
Progress:  43%|??????????????????????????????????????????????????????                       |  ETA: 0:07:28[K
Progress:  44%|??????????????????????????????????????????????????????                       |  ETA: 0:07:26[K
Progress:  44%|??????????????????????????????????????????????????????                       |  ETA: 0:07:24[K
Progress:  44%|??????????????????????????????????????????????????????                       |  ETA: 0:07:22[K
Progress:  44%|??????????????????????????????????????????????????????                       |  ETA: 0:07:20[K
Progress:  44%|??????????????????????????????????????????????????????                       |  ETA: 0:07:18[K
Progress:  45%|??????????????????????????????????????????????????????                       |  ETA: 0:07:16[K
Progress:  45%|??????????????????????????????????????????????????????                       |  ETA: 0:07:14[K
Progress:  45%|?????????????????????????????????????????????????????????                      |  ETA: 0:07:12[K
Progress:  46%|?????????????????????????????????????????????????????????                      |  ETA: 0:07:10[K
Progress:  46%|?????????????????????????????????????????????????????????                      |  ETA: 0:07:08[K
Progress:  46%|?????????????????????????????????????????????????????????                      |  ETA: 0:07:06[K
Progress:  46%|?????????????????????????????????????????????????????????                      |  ETA: 0:07:04[K
Progress:  46%|?????????????????????????????????????????????????????????                      |  ETA: 0:07:02[K
Progress:  47%|?????????????????????????????????????????????????????????                      |  ETA: 0:07:00[K
Progress:  47%|?????????????????????????????????????????????????????????                      |  ETA: 0:06:58[K
Progress:  47%|?????????????????????????????????????????????????????????                      |  ETA: 0:06:56[K
Progress:  48%|?????????????????????????????????????????????????????????                      |  ETA: 0:06:54[K
Progress:  48%|????????????????????????????????????????????????????????????                     |  ETA: 0:06:52[K
Progress:  48%|????????????????????????????????????????????????????????????                     |  ETA: 0:06:50[K
Progress:  48%|????????????????????????????????????????????????????????????                     |  ETA: 0:06:49[K
Progress:  48%|????????????????????????????????????????????????????????????                     |  ETA: 0:06:47[K
Progress:  49%|????????????????????????????????????????????????????????????                     |  ETA: 0:06:45[K
Progress:  49%|????????????????????????????????????????????????????????????                     |  ETA: 0:06:43[K
Progress:  49%|????????????????????????????????????????????????????????????                     |  ETA: 0:06:42[K
Progress:  50%|????????????????????????????????????????????????????????????                     |  ETA: 0:06:40[K
Progress:  50%|????????????????????????????????????????????????????????????                     |  ETA: 0:06:38[K
Progress:  50%|????????????????????????????????????????????????????????????                     |  ETA: 0:06:36[K
Progress:  50%|???????????????????????????????????????????????????????????????                    |  ETA: 0:06:34[K
Progress:  50%|???????????????????????????????????????????????????????????????                    |  ETA: 0:06:32[K
Progress:  51%|???????????????????????????????????????????????????????????????                    |  ETA: 0:06:30[K
Progress:  51%|???????????????????????????????????????????????????????????????                    |  ETA: 0:06:29[K
Progress:  51%|???????????????????????????????????????????????????????????????                    |  ETA: 0:06:27[K
Progress:  52%|???????????????????????????????????????????????????????????????                    |  ETA: 0:06:25[K
Progress:  52%|???????????????????????????????????????????????????????????????                    |  ETA: 0:06:23[K
Progress:  52%|???????????????????????????????????????????????????????????????                    |  ETA: 0:06:21[K
Progress:  52%|???????????????????????????????????????????????????????????????                    |  ETA: 0:06:19[K
Progress:  52%|??????????????????????????????????????????????????????????????????                   |  ETA: 0:06:17[K
Progress:  53%|??????????????????????????????????????????????????????????????????                   |  ETA: 0:06:15[K
Progress:  53%|??????????????????????????????????????????????????????????????????                   |  ETA: 0:06:13[K
Progress:  53%|??????????????????????????????????????????????????????????????????                   |  ETA: 0:06:11[K
Progress:  54%|??????????????????????????????????????????????????????????????????                   |  ETA: 0:06:09[K
Progress:  54%|??????????????????????????????????????????????????????????????????                   |  ETA: 0:06:07[K
Progress:  54%|??????????????????????????????????????????????????????????????????                   |  ETA: 0:06:05[K
Progress:  54%|??????????????????????????????????????????????????????????????????                   |  ETA: 0:06:03[K
Progress:  54%|??????????????????????????????????????????????????????????????????                   |  ETA: 0:06:01[K
Progress:  55%|??????????????????????????????????????????????????????????????????                   |  ETA: 0:06:00[K
Progress:  55%|?????????????????????????????????????????????????????????????????????                  |  ETA: 0:05:58[K
Progress:  55%|?????????????????????????????????????????????????????????????????????                  |  ETA: 0:05:56[K
Progress:  56%|?????????????????????????????????????????????????????????????????????                  |  ETA: 0:05:54[K
Progress:  56%|?????????????????????????????????????????????????????????????????????                  |  ETA: 0:05:52[K
Progress:  56%|?????????????????????????????????????????????????????????????????????                  |  ETA: 0:05:50[K
Progress:  56%|?????????????????????????????????????????????????????????????????????                  |  ETA: 0:05:48[K
Progress:  56%|?????????????????????????????????????????????????????????????????????                  |  ETA: 0:05:46[K
Progress:  57%|?????????????????????????????????????????????????????????????????????                  |  ETA: 0:05:44[K
Progress:  57%|?????????????????????????????????????????????????????????????????????                  |  ETA: 0:05:42[K
Progress:  57%|?????????????????????????????????????????????????????????????????????                  |  ETA: 0:05:40[K
Progress:  58%|????????????????????????????????????????????????????????????????????????                 |  ETA: 0:05:38[K
Progress:  58%|????????????????????????????????????????????????????????????????????????                 |  ETA: 0:05:36[K
Progress:  58%|????????????????????????????????????????????????????????????????????????                 |  ETA: 0:05:34[K
Progress:  58%|????????????????????????????????????????????????????????????????????????                 |  ETA: 0:05:33[K
Progress:  58%|????????????????????????????????????????????????????????????????????????                 |  ETA: 0:05:31[K
Progress:  59%|????????????????????????????????????????????????????????????????????????                 |  ETA: 0:05:29[K
Progress:  59%|????????????????????????????????????????????????????????????????????????                 |  ETA: 0:05:27[K
Progress:  59%|????????????????????????????????????????????????????????????????????????                 |  ETA: 0:05:25[K
Progress:  60%|????????????????????????????????????????????????????????????????????????                 |  ETA: 0:05:23[K
Progress:  60%|????????????????????????????????????????????????????????????????????????                 |  ETA: 0:05:21[K
Progress:  60%|???????????????????????????????????????????????????????????????????????????                |  ETA: 0:05:19[K
Progress:  60%|???????????????????????????????????????????????????????????????????????????                |  ETA: 0:05:17[K
Progress:  60%|???????????????????????????????????????????????????????????????????????????                |  ETA: 0:05:15[K
Progress:  61%|???????????????????????????????????????????????????????????????????????????                |  ETA: 0:05:13[K
Progress:  61%|???????????????????????????????????????????????????????????????????????????                |  ETA: 0:05:11[K
Progress:  61%|???????????????????????????????????????????????????????????????????????????                |  ETA: 0:05:09[K
Progress:  62%|???????????????????????????????????????????????????????????????????????????                |  ETA: 0:05:07[K
Progress:  62%|???????????????????????????????????????????????????????????????????????????                |  ETA: 0:05:05[K
Progress:  62%|???????????????????????????????????????????????????????????????????????????                |  ETA: 0:05:03[K
Progress:  62%|??????????????????????????????????????????????????????????????????????????????               |  ETA: 0:05:01[K
Progress:  62%|??????????????????????????????????????????????????????????????????????????????               |  ETA: 0:04:59[K
Progress:  63%|??????????????????????????????????????????????????????????????????????????????               |  ETA: 0:04:57[K
Progress:  63%|??????????????????????????????????????????????????????????????????????????????               |  ETA: 0:04:55[K
Progress:  63%|??????????????????????????????????????????????????????????????????????????????               |  ETA: 0:04:53[K
Progress:  64%|??????????????????????????????????????????????????????????????????????????????               |  ETA: 0:04:51[K
Progress:  64%|??????????????????????????????????????????????????????????????????????????????               |  ETA: 0:04:49[K
Progress:  64%|??????????????????????????????????????????????????????????????????????????????               |  ETA: 0:04:47[K
Progress:  64%|??????????????????????????????????????????????????????????????????????????????               |  ETA: 0:04:44[K
Progress:  64%|??????????????????????????????????????????????????????????????????????????????               |  ETA: 0:04:42[K
Progress:  65%|?????????????????????????????????????????????????????????????????????????????????              |  ETA: 0:04:40[K
Progress:  65%|?????????????????????????????????????????????????????????????????????????????????              |  ETA: 0:04:38[K
Progress:  65%|?????????????????????????????????????????????????????????????????????????????????              |  ETA: 0:04:36[K
Progress:  66%|?????????????????????????????????????????????????????????????????????????????????              |  ETA: 0:04:34[K
Progress:  66%|?????????????????????????????????????????????????????????????????????????????????              |  ETA: 0:04:32[K
Progress:  66%|?????????????????????????????????????????????????????????????????????????????????              |  ETA: 0:04:30[K
Progress:  66%|?????????????????????????????????????????????????????????????????????????????????              |  ETA: 0:04:27[K
Progress:  66%|?????????????????????????????????????????????????????????????????????????????????              |  ETA: 0:04:25[K
Progress:  67%|?????????????????????????????????????????????????????????????????????????????????              |  ETA: 0:04:23[K
Progress:  67%|?????????????????????????????????????????????????????????????????????????????????              |  ETA: 0:04:21[K
Progress:  67%|????????????????????????????????????????????????????????????????????????????????????             |  ETA: 0:04:19[K
Progress:  68%|????????????????????????????????????????????????????????????????????????????????????             |  ETA: 0:04:17[K
Progress:  68%|????????????????????????????????????????????????????????????????????????????????????             |  ETA: 0:04:15[K
Progress:  68%|????????????????????????????????????????????????????????????????????????????????????             |  ETA: 0:04:13[K
Progress:  68%|????????????????????????????????????????????????????????????????????????????????????             |  ETA: 0:04:11[K
Progress:  68%|????????????????????????????????????????????????????????????????????????????????????             |  ETA: 0:04:09[K
Progress:  69%|????????????????????????????????????????????????????????????????????????????????????             |  ETA: 0:04:07[K
Progress:  69%|????????????????????????????????????????????????????????????????????????????????????             |  ETA: 0:04:05[K
Progress:  69%|????????????????????????????????????????????????????????????????????????????????????             |  ETA: 0:04:03[K
Progress:  70%|????????????????????????????????????????????????????????????????????????????????????             |  ETA: 0:04:01[K
Progress:  70%|???????????????????????????????????????????????????????????????????????????????????????            |  ETA: 0:03:59[K
Progress:  70%|???????????????????????????????????????????????????????????????????????????????????????            |  ETA: 0:03:57[K
Progress:  70%|???????????????????????????????????????????????????????????????????????????????????????            |  ETA: 0:03:54[K
Progress:  70%|???????????????????????????????????????????????????????????????????????????????????????            |  ETA: 0:03:52[K
Progress:  71%|???????????????????????????????????????????????????????????????????????????????????????            |  ETA: 0:03:50[K
Progress:  71%|???????????????????????????????????????????????????????????????????????????????????????            |  ETA: 0:03:48[K
Progress:  71%|???????????????????????????????????????????????????????????????????????????????????????            |  ETA: 0:03:46[K
Progress:  72%|???????????????????????????????????????????????????????????????????????????????????????            |  ETA: 0:03:44[K
Progress:  72%|???????????????????????????????????????????????????????????????????????????????????????            |  ETA: 0:03:42[K
Progress:  72%|??????????????????????????????????????????????????????????????????????????????????????????           |  ETA: 0:03:40[K
Progress:  72%|??????????????????????????????????????????????????????????????????????????????????????????           |  ETA: 0:03:39[K
Progress:  72%|??????????????????????????????????????????????????????????????????????????????????????????           |  ETA: 0:03:37[K
Progress:  73%|??????????????????????????????????????????????????????????????????????????????????????????           |  ETA: 0:03:35[K
Progress:  73%|??????????????????????????????????????????????????????????????????????????????????????????           |  ETA: 0:03:33[K
Progress:  73%|??????????????????????????????????????????????????????????????????????????????????????????           |  ETA: 0:03:31[K
Progress:  74%|??????????????????????????????????????????????????????????????????????????????????????????           |  ETA: 0:03:29[K
Progress:  74%|??????????????????????????????????????????????????????????????????????????????????????????           |  ETA: 0:03:27[K
Progress:  74%|??????????????????????????????????????????????????????????????????????????????????????????           |  ETA: 0:03:25[K
Progress:  74%|??????????????????????????????????????????????????????????????????????????????????????????           |  ETA: 0:03:23[K
Progress:  74%|?????????????????????????????????????????????????????????????????????????????????????????????          |  ETA: 0:03:21[K
Progress:  75%|?????????????????????????????????????????????????????????????????????????????????????????????          |  ETA: 0:03:19[K
Progress:  75%|?????????????????????????????????????????????????????????????????????????????????????????????          |  ETA: 0:03:17[K
Progress:  75%|?????????????????????????????????????????????????????????????????????????????????????????????          |  ETA: 0:03:14[K
Progress:  76%|?????????????????????????????????????????????????????????????????????????????????????????????          |  ETA: 0:03:12[K
Progress:  76%|?????????????????????????????????????????????????????????????????????????????????????????????          |  ETA: 0:03:09[K
Progress:  76%|?????????????????????????????????????????????????????????????????????????????????????????????          |  ETA: 0:03:07[K
Progress:  76%|?????????????????????????????????????????????????????????????????????????????????????????????          |  ETA: 0:03:05[K
Progress:  76%|?????????????????????????????????????????????????????????????????????????????????????????????          |  ETA: 0:03:02[K
Progress:  77%|?????????????????????????????????????????????????????????????????????????????????????????????          |  ETA: 0:03:00[K
Progress:  77%|????????????????????????????????????????????????????????????????????????????????????????????????         |  ETA: 0:02:57[K
Progress:  77%|????????????????????????????????????????????????????????????????????????????????????????????????         |  ETA: 0:02:55[K
Progress:  78%|????????????????????????????????????????????????????????????????????????????????????????????????         |  ETA: 0:02:53[K
Progress:  78%|????????????????????????????????????????????????????????????????????????????????????????????????         |  ETA: 0:02:50[K
Progress:  78%|????????????????????????????????????????????????????????????????????????????????????????????????         |  ETA: 0:02:48[K
Progress:  78%|????????????????????????????????????????????????????????????????????????????????????????????????         |  ETA: 0:02:46[K
Progress:  78%|????????????????????????????????????????????????????????????????????????????????????????????????         |  ETA: 0:02:43[K
Progress:  79%|????????????????????????????????????????????????????????????????????????????????????????????????         |  ETA: 0:02:41[K
Progress:  79%|????????????????????????????????????????????????????????????????????????????????????????????????         |  ETA: 0:02:39[K
Progress:  79%|????????????????????????????????????????????????????????????????????????????????????????????????         |  ETA: 0:02:37[K
Progress:  80%|???????????????????????????????????????????????????????????????????????????????????????????????????        |  ETA: 0:02:34[K
Progress:  80%|???????????????????????????????????????????????????????????????????????????????????????????????????        |  ETA: 0:02:32[K
Progress:  80%|???????????????????????????????????????????????????????????????????????????????????????????????????        |  ETA: 0:02:30[K
Progress:  80%|???????????????????????????????????????????????????????????????????????????????????????????????????        |  ETA: 0:02:28[K
Progress:  80%|???????????????????????????????????????????????????????????????????????????????????????????????????        |  ETA: 0:02:25[K
Progress:  81%|???????????????????????????????????????????????????????????????????????????????????????????????????        |  ETA: 0:02:23[K
Progress:  81%|???????????????????????????????????????????????????????????????????????????????????????????????????        |  ETA: 0:02:21[K
Progress:  81%|???????????????????????????????????????????????????????????????????????????????????????????????????        |  ETA: 0:02:19[K
Progress:  82%|???????????????????????????????????????????????????????????????????????????????????????????????????        |  ETA: 0:02:17[K
Progress:  82%|??????????????????????????????????????????????????????????????????????????????????????????????????????       |  ETA: 0:02:14[K
Progress:  82%|??????????????????????????????????????????????????????????????????????????????????????????????????????       |  ETA: 0:02:12[K
Progress:  82%|??????????????????????????????????????????????????????????????????????????????????????????????????????       |  ETA: 0:02:10[K
Progress:  82%|??????????????????????????????????????????????????????????????????????????????????????????????????????       |  ETA: 0:02:08[K
Progress:  83%|??????????????????????????????????????????????????????????????????????????????????????????????????????       |  ETA: 0:02:06[K
Progress:  83%|??????????????????????????????????????????????????????????????????????????????????????????????????????       |  ETA: 0:02:04[K
Progress:  83%|??????????????????????????????????????????????????????????????????????????????????????????????????????       |  ETA: 0:02:02[K
Progress:  84%|??????????????????????????????????????????????????????????????????????????????????????????????????????       |  ETA: 0:01:59[K
Progress:  84%|??????????????????????????????????????????????????????????????????????????????????????????????????????       |  ETA: 0:01:57[K
Progress:  84%|??????????????????????????????????????????????????????????????????????????????????????????????????????       |  ETA: 0:01:55[K
Progress:  84%|?????????????????????????????????????????????????????????????????????????????????????????????????????????      |  ETA: 0:01:53[K
Progress:  84%|?????????????????????????????????????????????????????????????????????????????????????????????????????????      |  ETA: 0:01:51[K
Progress:  85%|?????????????????????????????????????????????????????????????????????????????????????????????????????????      |  ETA: 0:01:49[K
Progress:  85%|?????????????????????????????????????????????????????????????????????????????????????????????????????????      |  ETA: 0:01:47[K
Progress:  85%|?????????????????????????????????????????????????????????????????????????????????????????????????????????      |  ETA: 0:01:45[K
Progress:  86%|?????????????????????????????????????????????????????????????????????????????????????????????????????????      |  ETA: 0:01:43[K
Progress:  86%|?????????????????????????????????????????????????????????????????????????????????????????????????????????      |  ETA: 0:01:41[K
Progress:  86%|?????????????????????????????????????????????????????????????????????????????????????????????????????????      |  ETA: 0:01:39[K
Progress:  86%|?????????????????????????????????????????????????????????????????????????????????????????????????????????      |  ETA: 0:01:37[K
Progress:  86%|?????????????????????????????????????????????????????????????????????????????????????????????????????????      |  ETA: 0:01:35[K
Progress:  87%|????????????????????????????????????????????????????????????????????????????????????????????????????????????     |  ETA: 0:01:33[K
Progress:  87%|????????????????????????????????????????????????????????????????????????????????????????????????????????????     |  ETA: 0:01:31[K
Progress:  87%|????????????????????????????????????????????????????????????????????????????????????????????????????????????     |  ETA: 0:01:29[K
Progress:  88%|????????????????????????????????????????????????????????????????????????????????????????????????????????????     |  ETA: 0:01:27[K
Progress:  88%|????????????????????????????????????????????????????????????????????????????????????????????????????????????     |  ETA: 0:01:25[K
Progress:  88%|????????????????????????????????????????????????????????????????????????????????????????????????????????????     |  ETA: 0:01:23[K
Progress:  88%|????????????????????????????????????????????????????????????????????????????????????????????????????????????     |  ETA: 0:01:21[K
Progress:  88%|????????????????????????????????????????????????????????????????????????????????????????????????????????????     |  ETA: 0:01:20[K
Progress:  89%|????????????????????????????????????????????????????????????????????????????????????????????????????????????     |  ETA: 0:01:18[K
Progress:  89%|????????????????????????????????????????????????????????????????????????????????????????????????????????????     |  ETA: 0:01:16[K
Progress:  89%|???????????????????????????????????????????????????????????????????????????????????????????????????????????????    |  ETA: 0:01:14[K
Progress:  90%|???????????????????????????????????????????????????????????????????????????????????????????????????????????????    |  ETA: 0:01:12[K
Progress:  90%|???????????????????????????????????????????????????????????????????????????????????????????????????????????????    |  ETA: 0:01:10[K
Progress:  90%|???????????????????????????????????????????????????????????????????????????????????????????????????????????????    |  ETA: 0:01:08[K
Progress:  90%|???????????????????????????????????????????????????????????????????????????????????????????????????????????????    |  ETA: 0:01:06[K
Progress:  90%|???????????????????????????????????????????????????????????????????????????????????????????????????????????????    |  ETA: 0:01:05[K
Progress:  91%|???????????????????????????????????????????????????????????????????????????????????????????????????????????????    |  ETA: 0:01:03[K
Progress:  91%|???????????????????????????????????????????????????????????????????????????????????????????????????????????????    |  ETA: 0:01:01[K
Progress:  91%|???????????????????????????????????????????????????????????????????????????????????????????????????????????????    |  ETA: 0:00:59[K
Progress:  92%|??????????????????????????????????????????????????????????????????????????????????????????????????????????????????   |  ETA: 0:00:57[K
Progress:  92%|??????????????????????????????????????????????????????????????????????????????????????????????????????????????????   |  ETA: 0:00:55[K
Progress:  92%|??????????????????????????????????????????????????????????????????????????????????????????????????????????????????   |  ETA: 0:00:54[K
Progress:  92%|??????????????????????????????????????????????????????????????????????????????????????????????????????????????????   |  ETA: 0:00:52[K
Progress:  92%|??????????????????????????????????????????????????????????????????????????????????????????????????????????????????   |  ETA: 0:00:50[K
Progress:  93%|??????????????????????????????????????????????????????????????????????????????????????????????????????????????????   |  ETA: 0:00:48[K
Progress:  93%|??????????????????????????????????????????????????????????????????????????????????????????????????????????????????   |  ETA: 0:00:47[K
Progress:  93%|??????????????????????????????????????????????????????????????????????????????????????????????????????????????????   |  ETA: 0:00:45[K
Progress:  94%|??????????????????????????????????????????????????????????????????????????????????????????????????????????????????   |  ETA: 0:00:43[K
Progress:  94%|??????????????????????????????????????????????????????????????????????????????????????????????????????????????????   |  ETA: 0:00:41[K
Progress:  94%|?????????????????????????????????????????????????????????????????????????????????????????????????????????????????????  |  ETA: 0:00:40[K
Progress:  94%|?????????????????????????????????????????????????????????????????????????????????????????????????????????????????????  |  ETA: 0:00:38[K
Progress:  94%|?????????????????????????????????????????????????????????????????????????????????????????????????????????????????????  |  ETA: 0:00:36[K
Progress:  95%|?????????????????????????????????????????????????????????????????????????????????????????????????????????????????????  |  ETA: 0:00:34[K
Progress:  95%|?????????????????????????????????????????????????????????????????????????????????????????????????????????????????????  |  ETA: 0:00:33[K
Progress:  95%|?????????????????????????????????????????????????????????????????????????????????????????????????????????????????????  |  ETA: 0:00:31[K
Progress:  96%|?????????????????????????????????????????????????????????????????????????????????????????????????????????????????????  |  ETA: 0:00:29[K
Progress:  96%|?????????????????????????????????????????????????????????????????????????????????????????????????????????????????????  |  ETA: 0:00:28[K
Progress:  96%|?????????????????????????????????????????????????????????????????????????????????????????????????????????????????????  |  ETA: 0:00:26[K
Progress:  96%|?????????????????????????????????????????????????????????????????????????????????????????????????????????????????????  |  ETA: 0:00:24[K
Progress:  96%|???????????????????????????????????????????????????????????????????????????????????????????????????????????????????????? |  ETA: 0:00:23[K
Progress:  97%|???????????????????????????????????????????????????????????????????????????????????????????????????????????????????????? |  ETA: 0:00:21[K
Progress:  97%|???????????????????????????????????????????????????????????????????????????????????????????????????????????????????????? |  ETA: 0:00:19[K
Progress:  97%|???????????????????????????????????????????????????????????????????????????????????????????????????????????????????????? |  ETA: 0:00:18[K
Progress:  98%|???????????????????????????????????????????????????????????????????????????????????????????????????????????????????????? |  ETA: 0:00:16[K
Progress:  98%|???????????????????????????????????????????????????????????????????????????????????????????????????????????????????????? |  ETA: 0:00:14[K
Progress:  98%|???????????????????????????????????????????????????????????????????????????????????????????????????????????????????????? |  ETA: 0:00:13[K
Progress:  98%|???????????????????????????????????????????????????????????????????????????????????????????????????????????????????????? |  ETA: 0:00:11[K
Progress:  98%|???????????????????????????????????????????????????????????????????????????????????????????????????????????????????????? |  ETA: 0:00:10[K
Progress:  99%|???????????????????????????????????????????????????????????????????????????????????????????????????????????????????????? |  ETA: 0:00:08[K
Progress:  99%|???????????????????????????????????????????????????????????????????????????????????????????????????????????????????????????|  ETA: 0:00:06[K
Progress:  99%|???????????????????????????????????????????????????????????????????????????????????????????????????????????????????????????|  ETA: 0:00:05[K
Progress: 100%|???????????????????????????????????????????????????????????????????????????????????????????????????????????????????????????|  ETA: 0:00:03[K
Progress: 100%|???????????????????????????????????????????????????????????????????????????????????????????????????????????????????????????|  ETA: 0:00:02[K
Progress: 100%|???????????????????????????????????????????????????????????????????????????????????????????????????????????????????????????| Time: 0:10:30[K
INFO:     Took 629737 milliseconds
INFO: Total runtime: 637431 milliseconds
C:\Users\samue\miniconda3\envs\main\python.exe: can't open file 'C:\work\src\Mbo\examples\aimd_static\plot_spec.py': [Errno 2] No such file or directory
C:\Users\samue\miniconda3\envs\main\python.exe: can't open file 'C:\work\src\Mbo\examples\aimd_static\plot_spec.py': [Errno 2] No such file or directory
C:\Users\samue\miniconda3\envs\main\python.exe: can't open file 'C:\work\src\Mbo\examples\aimd_static\plot_spec.py': [Errno 2] No such file or directory
