INFO: Loading parameters from C:\work\src\Mbo\examples\overdamped\overdamped.yaml
INFO: Setting up system
Timesteps: 
INFO: Computing linear response
INFO: Saving to overdamped_rlin.txt
INFO: Saving linear spectrum to overdamped_slin.txt
INFO: Computing third order response
INFO: Saving to overdamped_rr.bin, overdamped_rn.bin
INFO: Calulation took 10.795372901 s
INFO: Saving rephasing spectrum to overdamped_sr.bin
INFO: Saving non-rephasing spectrum to overdamped_sn.bin
INFO: Saving absorptive spectrum to overdamped_sa.bin
C:\work\src\Mbo\examples\plot_linear.py:15: YAMLLoadWarning: calling yaml.load() without Loader=... is deprecated, as the default Loader is unsafe. Please read https://msg.pyyaml.org/load for full details.
  cfg = yaml.load(f)
C:\work\src\Mbo\examples\plot_2d.py:42: YAMLLoadWarning: calling yaml.load() without Loader=... is deprecated, as the default Loader is unsafe. Please read https://msg.pyyaml.org/load for full details.
  cfg = yaml.load(f)
C:\work\src\Mbo\examples\plot_2d.py:60: MatplotlibDeprecationWarning: shading='flat' when X and Y have the same dimensions as C is deprecated since 3.3.  Either specify the corners of the quadrilaterals with X and Y, or pass shading='auto', 'nearest' or 'gouraud', or set rcParams['pcolor.shading'].  This will become an error two minor releases later.
  plt.pcolormesh(expand_axis(t_1), expand_axis(t_3), z.T, cmap=plt.cm.seismic, vmin=-lim, vmax=lim)
C:\work\src\Mbo\examples\plot_2d.py:79: MatplotlibDeprecationWarning: shading='flat' when X and Y have the same dimensions as C is deprecated since 3.3.  Either specify the corners of the quadrilaterals with X and Y, or pass shading='auto', 'nearest' or 'gouraud', or set rcParams['pcolor.shading'].  This will become an error two minor releases later.
  plt.pcolormesh(expand_axis(f_1), expand_axis(f_3), z.T, cmap=plt.cm.seismic, vmin=-lim, vmax=lim)
