[ Info: Loading parameters from C:\work\src\Mbo\examples\cohmap_vibrational\vib_ia.yaml
[ Info: Setting up system
[ Info: Computing linear response
[ Info: Saving to vib_ia_rlin.txt
[ Info: Saving linear spectrum to vib_ia_slin.txt
[ Info: Computing third order response
[ Info: <g,e,f,e,g>
[ Info: <g,e,g,e,g>
[ Info: Calulation took 95.0019998550415 s
[ Info: Saving to vib_ia_rr.bin, vib_ia_rn.bin
[ Info: Saving rephasing spectrum to vib_ia_sr.bin
[ Info: Saving non-rephasing spectrum to vib_ia_sn.bin
[ Info: Saving absorptive spectrum to vib_ia_sa.bin
C:\work\src\Mbo\examples\plot_linear.py:15: YAMLLoadWarning: calling yaml.load() without Loader=... is deprecated, as the default Loader is unsafe. Please read https://msg.pyyaml.org/load for full details.
  cfg = yaml.load(f)
C:\work\src\Mbo\examples\plot_2d.py:42: YAMLLoadWarning: calling yaml.load() without Loader=... is deprecated, as the default Loader is unsafe. Please read https://msg.pyyaml.org/load for full details.
  cfg = yaml.load(f)
C:\work\src\Mbo\examples\plot_2d.py:60: MatplotlibDeprecationWarning: shading='flat' when X and Y have the same dimensions as C is deprecated since 3.3.  Either specify the corners of the quadrilaterals with X and Y, or pass shading='auto', 'nearest' or 'gouraud', or set rcParams['pcolor.shading'].  This will become an error two minor releases later.
  plt.pcolormesh(expand_axis(t_1), expand_axis(t_3), z.T, cmap=plt.cm.seismic, vmin=-lim, vmax=lim)
C:\work\src\Mbo\examples\plot_2d.py:79: MatplotlibDeprecationWarning: shading='flat' when X and Y have the same dimensions as C is deprecated since 3.3.  Either specify the corners of the quadrilaterals with X and Y, or pass shading='auto', 'nearest' or 'gouraud', or set rcParams['pcolor.shading'].  This will become an error two minor releases later.
  plt.pcolormesh(expand_axis(f_1), expand_axis(f_3), z.T, cmap=plt.cm.seismic, vmin=-lim, vmax=lim)
