[ Info: Loading parameters from C:\work\src\Mbo\examples\aimd_full\cfg_0_10.yaml
[ Info: Loading energies from sys_0_10.txt
[ Info: States count: 10
[ Info: Loading CF from cf_0_10.txt
[ Info: CF count: 100
[ Info: Building system...
[ Info:     Took 0.9189999103546143
[ Info: Number of order 1 Hilbert Paths: 10
[ Info: Number of order 3 Hilbert Paths: 100
[ Info: Saving to sys_0_10_cf_0_10_rlin.txt
[ Info: Saving linear spectrum to sys_0_10_cf_0_10_slin.txt
[ Info:     Took 1.0280001163482666
[ Info: Total runtime: 7.6579999923706055
C:\work\src\Mbo\examples\plot_linear.py:15: YAMLLoadWarning: calling yaml.load() without Loader=... is deprecated, as the default Loader is unsafe. Please read https://msg.pyyaml.org/load for full details.
  cfg = yaml.load(f)
[ Info: Loading parameters from C:\work\src\Mbo\examples\aimd_full\cfg_0_10.yaml
[ Info: Loading energies from sys_0_10.txt
[ Info: States count: 10
[ Info: Loading CF from cf_0_10.txt
[ Info: CF count: 100
[ Info: Building system...
[ Info:     Took 2.069999933242798
[ Info: Number of order 1 Hilbert Paths: 10
[ Info: Number of order 3 Hilbert Paths: 100
[ Info: Preparing calculation of third order response
[ Info: Grid size: (135, 135, 135)
[ Info: Saving rephasing to: sys_0_10_cf_0_10_rr.bin
[ Info: Saving nonrephasing to: sys_0_10_cf_0_10_rr.bin
[ Info: Computing third order response

Progress:   0%|???                                        |  ETA: 0:19:00[K
Progress:   1%|???                                        |  ETA: 0:17:26[K
Progress:   1%|???                                        |  ETA: 0:10:50[K
Progress:   2%|???                                        |  ETA: 0:09:10[K
Progress:   2%|???                                        |  ETA: 0:08:03[K
Progress:   2%|???                                        |  ETA: 0:07:12[K
Progress:   2%|???                                        |  ETA: 0:06:29[K
Progress:   2%|??????                                       |  ETA: 0:05:54[K
Progress:   3%|??????                                       |  ETA: 0:05:26[K
Progress:   3%|??????                                       |  ETA: 0:05:06[K
Progress:   3%|??????                                       |  ETA: 0:04:46[K
Progress:   4%|??????                                       |  ETA: 0:04:28[K
Progress:   4%|??????                                       |  ETA: 0:04:13[K
Progress:   4%|??????                                       |  ETA: 0:04:00[K
Progress:   4%|??????                                       |  ETA: 0:03:48[K
Progress:   4%|??????                                       |  ETA: 0:03:40[K
Progress:   5%|??????                                       |  ETA: 0:03:31[K
Progress:   5%|?????????                                      |  ETA: 0:03:22[K
Progress:   5%|?????????                                      |  ETA: 0:03:15[K
Progress:   6%|?????????                                      |  ETA: 0:03:08[K
Progress:   6%|?????????                                      |  ETA: 0:03:01[K
Progress:   6%|?????????                                      |  ETA: 0:02:57[K
Progress:   6%|?????????                                      |  ETA: 0:02:52[K
Progress:   6%|?????????                                      |  ETA: 0:02:47[K
Progress:   7%|?????????                                      |  ETA: 0:02:42[K
Progress:   7%|?????????                                      |  ETA: 0:02:37[K
Progress:   7%|?????????                                      |  ETA: 0:02:33[K
Progress:   8%|????????????                                     |  ETA: 0:02:31[K
Progress:   8%|????????????                                     |  ETA: 0:02:27[K
Progress:   8%|????????????                                     |  ETA: 0:02:24[K
Progress:   8%|????????????                                     |  ETA: 0:02:20[K
Progress:   8%|????????????                                     |  ETA: 0:02:17[K
Progress:   9%|????????????                                     |  ETA: 0:02:14[K
Progress:   9%|????????????                                     |  ETA: 0:02:13[K
Progress:   9%|????????????                                     |  ETA: 0:02:10[K
Progress:  10%|????????????                                     |  ETA: 0:02:08[K
Progress:  10%|????????????                                     |  ETA: 0:02:05[K
Progress:  10%|???????????????                                    |  ETA: 0:02:03[K
Progress:  10%|???????????????                                    |  ETA: 0:02:01[K
Progress:  10%|???????????????                                    |  ETA: 0:02:00[K
Progress:  11%|???????????????                                    |  ETA: 0:01:58[K
Progress:  11%|???????????????                                    |  ETA: 0:01:56[K
Progress:  11%|???????????????                                    |  ETA: 0:01:54[K
Progress:  12%|???????????????                                    |  ETA: 0:01:52[K
Progress:  12%|???????????????                                    |  ETA: 0:01:50[K
Progress:  12%|???????????????                                    |  ETA: 0:01:49[K
Progress:  12%|??????????????????                                   |  ETA: 0:01:48[K
Progress:  12%|??????????????????                                   |  ETA: 0:01:46[K
Progress:  13%|??????????????????                                   |  ETA: 0:01:45[K
Progress:  13%|??????????????????                                   |  ETA: 0:01:44[K
Progress:  13%|??????????????????                                   |  ETA: 0:01:42[K
Progress:  14%|??????????????????                                   |  ETA: 0:01:41[K
Progress:  14%|??????????????????                                   |  ETA: 0:01:40[K
Progress:  14%|??????????????????                                   |  ETA: 0:01:39[K
Progress:  14%|??????????????????                                   |  ETA: 0:01:38[K
Progress:  14%|??????????????????                                   |  ETA: 0:01:37[K
Progress:  15%|?????????????????????                                  |  ETA: 0:01:35[K
Progress:  15%|?????????????????????                                  |  ETA: 0:01:35[K
Progress:  15%|?????????????????????                                  |  ETA: 0:01:34[K
Progress:  16%|?????????????????????                                  |  ETA: 0:01:33[K
Progress:  16%|?????????????????????                                  |  ETA: 0:01:32[K
Progress:  16%|?????????????????????                                  |  ETA: 0:01:31[K
Progress:  16%|?????????????????????                                  |  ETA: 0:01:30[K
Progress:  16%|?????????????????????                                  |  ETA: 0:01:29[K
Progress:  17%|?????????????????????                                  |  ETA: 0:01:28[K
Progress:  17%|?????????????????????                                  |  ETA: 0:01:27[K
Progress:  17%|????????????????????????                                 |  ETA: 0:01:27[K
Progress:  18%|????????????????????????                                 |  ETA: 0:01:26[K
Progress:  18%|????????????????????????                                 |  ETA: 0:01:25[K
Progress:  18%|????????????????????????                                 |  ETA: 0:01:25[K
Progress:  18%|????????????????????????                                 |  ETA: 0:01:24[K
Progress:  18%|????????????????????????                                 |  ETA: 0:01:23[K
Progress:  19%|????????????????????????                                 |  ETA: 0:01:22[K
Progress:  19%|????????????????????????                                 |  ETA: 0:01:21[K
Progress:  19%|????????????????????????                                 |  ETA: 0:01:21[K
Progress:  20%|????????????????????????                                 |  ETA: 0:01:20[K
Progress:  20%|???????????????????????????                                |  ETA: 0:01:20[K
Progress:  20%|???????????????????????????                                |  ETA: 0:01:19[K
Progress:  20%|???????????????????????????                                |  ETA: 0:01:18[K
Progress:  20%|???????????????????????????                                |  ETA: 0:01:18[K
Progress:  21%|???????????????????????????                                |  ETA: 0:01:17[K
Progress:  21%|???????????????????????????                                |  ETA: 0:01:17[K
Progress:  21%|???????????????????????????                                |  ETA: 0:01:16[K
Progress:  22%|???????????????????????????                                |  ETA: 0:01:15[K
Progress:  22%|???????????????????????????                                |  ETA: 0:01:15[K
Progress:  22%|??????????????????????????????                               |  ETA: 0:01:14[K
Progress:  22%|??????????????????????????????                               |  ETA: 0:01:14[K
Progress:  22%|??????????????????????????????                               |  ETA: 0:01:14[K
Progress:  23%|??????????????????????????????                               |  ETA: 0:01:13[K
Progress:  23%|??????????????????????????????                               |  ETA: 0:01:13[K
Progress:  23%|??????????????????????????????                               |  ETA: 0:01:12[K
Progress:  24%|??????????????????????????????                               |  ETA: 0:01:12[K
Progress:  24%|??????????????????????????????                               |  ETA: 0:01:12[K
Progress:  24%|??????????????????????????????                               |  ETA: 0:01:11[K
Progress:  24%|??????????????????????????????                               |  ETA: 0:01:11[K
Progress:  24%|?????????????????????????????????                              |  ETA: 0:01:10[K
Progress:  25%|?????????????????????????????????                              |  ETA: 0:01:10[K
Progress:  25%|?????????????????????????????????                              |  ETA: 0:01:09[K
Progress:  25%|?????????????????????????????????                              |  ETA: 0:01:23[K
Progress:  26%|?????????????????????????????????                              |  ETA: 0:01:22[K
Progress:  26%|?????????????????????????????????                              |  ETA: 0:01:22[K
Progress:  26%|?????????????????????????????????                              |  ETA: 0:01:21[K
Progress:  26%|?????????????????????????????????                              |  ETA: 0:01:21[K
Progress:  26%|?????????????????????????????????                              |  ETA: 0:01:20[K
Progress:  27%|?????????????????????????????????                              |  ETA: 0:01:19[K
Progress:  27%|????????????????????????????????????                             |  ETA: 0:01:19[K
Progress:  27%|????????????????????????????????????                             |  ETA: 0:01:18[K
Progress:  28%|????????????????????????????????????                             |  ETA: 0:01:18[K
Progress:  28%|????????????????????????????????????                             |  ETA: 0:01:18[K
Progress:  28%|????????????????????????????????????                             |  ETA: 0:01:17[K
Progress:  28%|????????????????????????????????????                             |  ETA: 0:01:17[K
Progress:  28%|????????????????????????????????????                             |  ETA: 0:01:16[K
Progress:  29%|????????????????????????????????????                             |  ETA: 0:01:16[K
Progress:  29%|????????????????????????????????????                             |  ETA: 0:01:15[K
Progress:  29%|????????????????????????????????????                             |  ETA: 0:01:15[K
Progress:  30%|???????????????????????????????????????                            |  ETA: 0:01:14[K
Progress:  30%|???????????????????????????????????????                            |  ETA: 0:01:14[K
Progress:  30%|???????????????????????????????????????                            |  ETA: 0:01:13[K
Progress:  30%|???????????????????????????????????????                            |  ETA: 0:01:13[K
Progress:  30%|???????????????????????????????????????                            |  ETA: 0:01:12[K
Progress:  31%|???????????????????????????????????????                            |  ETA: 0:01:12[K
Progress:  31%|???????????????????????????????????????                            |  ETA: 0:01:12[K
Progress:  31%|???????????????????????????????????????                            |  ETA: 0:01:11[K
Progress:  32%|???????????????????????????????????????                            |  ETA: 0:01:11[K
Progress:  32%|??????????????????????????????????????????                           |  ETA: 0:01:10[K
Progress:  32%|??????????????????????????????????????????                           |  ETA: 0:01:10[K
Progress:  32%|??????????????????????????????????????????                           |  ETA: 0:01:09[K
Progress:  32%|??????????????????????????????????????????                           |  ETA: 0:01:09[K
Progress:  33%|??????????????????????????????????????????                           |  ETA: 0:01:08[K
Progress:  33%|??????????????????????????????????????????                           |  ETA: 0:01:08[K
Progress:  33%|??????????????????????????????????????????                           |  ETA: 0:01:07[K
Progress:  34%|??????????????????????????????????????????                           |  ETA: 0:01:07[K
Progress:  34%|??????????????????????????????????????????                           |  ETA: 0:01:07[K
Progress:  34%|??????????????????????????????????????????                           |  ETA: 0:01:06[K
Progress:  34%|?????????????????????????????????????????????                          |  ETA: 0:01:06[K
Progress:  34%|?????????????????????????????????????????????                          |  ETA: 0:01:05[K
Progress:  35%|?????????????????????????????????????????????                          |  ETA: 0:01:05[K
Progress:  35%|?????????????????????????????????????????????                          |  ETA: 0:01:04[K
Progress:  35%|?????????????????????????????????????????????                          |  ETA: 0:01:04[K
Progress:  36%|?????????????????????????????????????????????                          |  ETA: 0:01:04[K
Progress:  36%|?????????????????????????????????????????????                          |  ETA: 0:01:03[K
Progress:  36%|?????????????????????????????????????????????                          |  ETA: 0:01:03[K
Progress:  36%|?????????????????????????????????????????????                          |  ETA: 0:01:02[K
Progress:  36%|?????????????????????????????????????????????                          |  ETA: 0:01:02[K
Progress:  37%|????????????????????????????????????????????????                         |  ETA: 0:01:02[K
Progress:  37%|????????????????????????????????????????????????                         |  ETA: 0:01:01[K
Progress:  37%|????????????????????????????????????????????????                         |  ETA: 0:01:01[K
Progress:  38%|????????????????????????????????????????????????                         |  ETA: 0:01:00[K
Progress:  38%|????????????????????????????????????????????????                         |  ETA: 0:01:00[K
Progress:  38%|????????????????????????????????????????????????                         |  ETA: 0:01:00[K
Progress:  38%|????????????????????????????????????????????????                         |  ETA: 0:00:59[K
Progress:  38%|????????????????????????????????????????????????                         |  ETA: 0:00:59[K
Progress:  39%|????????????????????????????????????????????????                         |  ETA: 0:00:59[K
Progress:  39%|????????????????????????????????????????????????                         |  ETA: 0:00:58[K
Progress:  39%|???????????????????????????????????????????????????                        |  ETA: 0:00:58[K
Progress:  40%|???????????????????????????????????????????????????                        |  ETA: 0:00:57[K
Progress:  40%|???????????????????????????????????????????????????                        |  ETA: 0:00:57[K
Progress:  40%|???????????????????????????????????????????????????                        |  ETA: 0:00:57[K
Progress:  40%|???????????????????????????????????????????????????                        |  ETA: 0:00:56[K
Progress:  40%|???????????????????????????????????????????????????                        |  ETA: 0:00:56[K
Progress:  41%|???????????????????????????????????????????????????                        |  ETA: 0:00:56[K
Progress:  41%|???????????????????????????????????????????????????                        |  ETA: 0:00:55[K
Progress:  41%|???????????????????????????????????????????????????                        |  ETA: 0:00:55[K
Progress:  42%|??????????????????????????????????????????????????????                       |  ETA: 0:00:55[K
Progress:  42%|??????????????????????????????????????????????????????                       |  ETA: 0:00:54[K
Progress:  42%|??????????????????????????????????????????????????????                       |  ETA: 0:00:54[K
Progress:  42%|??????????????????????????????????????????????????????                       |  ETA: 0:00:54[K
Progress:  42%|??????????????????????????????????????????????????????                       |  ETA: 0:00:53[K
Progress:  43%|??????????????????????????????????????????????????????                       |  ETA: 0:00:53[K
Progress:  43%|??????????????????????????????????????????????????????                       |  ETA: 0:00:53[K
Progress:  43%|??????????????????????????????????????????????????????                       |  ETA: 0:00:52[K
Progress:  44%|??????????????????????????????????????????????????????                       |  ETA: 0:00:52[K
Progress:  44%|??????????????????????????????????????????????????????                       |  ETA: 0:00:52[K
Progress:  44%|?????????????????????????????????????????????????????????                      |  ETA: 0:00:51[K
Progress:  44%|?????????????????????????????????????????????????????????                      |  ETA: 0:00:51[K
Progress:  44%|?????????????????????????????????????????????????????????                      |  ETA: 0:00:51[K
Progress:  45%|?????????????????????????????????????????????????????????                      |  ETA: 0:00:50[K
Progress:  45%|?????????????????????????????????????????????????????????                      |  ETA: 0:00:50[K
Progress:  45%|?????????????????????????????????????????????????????????                      |  ETA: 0:00:50[K
Progress:  46%|?????????????????????????????????????????????????????????                      |  ETA: 0:00:49[K
Progress:  46%|?????????????????????????????????????????????????????????                      |  ETA: 0:00:49[K
Progress:  46%|?????????????????????????????????????????????????????????                      |  ETA: 0:00:49[K
Progress:  46%|?????????????????????????????????????????????????????????                      |  ETA: 0:00:49[K
Progress:  46%|????????????????????????????????????????????????????????????                     |  ETA: 0:00:48[K
Progress:  47%|????????????????????????????????????????????????????????????                     |  ETA: 0:00:48[K
Progress:  47%|????????????????????????????????????????????????????????????                     |  ETA: 0:00:48[K
Progress:  47%|????????????????????????????????????????????????????????????                     |  ETA: 0:00:47[K
Progress:  48%|????????????????????????????????????????????????????????????                     |  ETA: 0:00:47[K
Progress:  48%|????????????????????????????????????????????????????????????                     |  ETA: 0:00:47[K
Progress:  48%|????????????????????????????????????????????????????????????                     |  ETA: 0:00:47[K
Progress:  48%|????????????????????????????????????????????????????????????                     |  ETA: 0:00:46[K
Progress:  48%|????????????????????????????????????????????????????????????                     |  ETA: 0:00:46[K
Progress:  49%|????????????????????????????????????????????????????????????                     |  ETA: 0:00:46[K
Progress:  49%|???????????????????????????????????????????????????????????????                    |  ETA: 0:00:45[K
Progress:  49%|???????????????????????????????????????????????????????????????                    |  ETA: 0:00:45[K
Progress:  50%|???????????????????????????????????????????????????????????????                    |  ETA: 0:00:45[K
Progress:  50%|???????????????????????????????????????????????????????????????                    |  ETA: 0:00:45[K
Progress:  50%|???????????????????????????????????????????????????????????????                    |  ETA: 0:00:44[K
Progress:  50%|???????????????????????????????????????????????????????????????                    |  ETA: 0:00:48[K
Progress:  50%|???????????????????????????????????????????????????????????????                    |  ETA: 0:00:47[K
Progress:  51%|???????????????????????????????????????????????????????????????                    |  ETA: 0:00:47[K
Progress:  51%|???????????????????????????????????????????????????????????????                    |  ETA: 0:00:47[K
Progress:  51%|??????????????????????????????????????????????????????????????????                   |  ETA: 0:00:47[K
Progress:  52%|??????????????????????????????????????????????????????????????????                   |  ETA: 0:00:46[K
Progress:  52%|??????????????????????????????????????????????????????????????????                   |  ETA: 0:00:46[K
Progress:  52%|??????????????????????????????????????????????????????????????????                   |  ETA: 0:00:46[K
Progress:  52%|??????????????????????????????????????????????????????????????????                   |  ETA: 0:00:45[K
Progress:  52%|??????????????????????????????????????????????????????????????????                   |  ETA: 0:00:45[K
Progress:  53%|??????????????????????????????????????????????????????????????????                   |  ETA: 0:00:45[K
Progress:  53%|??????????????????????????????????????????????????????????????????                   |  ETA: 0:00:44[K
Progress:  53%|??????????????????????????????????????????????????????????????????                   |  ETA: 0:00:44[K
Progress:  54%|??????????????????????????????????????????????????????????????????                   |  ETA: 0:00:44[K
Progress:  54%|?????????????????????????????????????????????????????????????????????                  |  ETA: 0:00:44[K
Progress:  54%|?????????????????????????????????????????????????????????????????????                  |  ETA: 0:00:43[K
Progress:  54%|?????????????????????????????????????????????????????????????????????                  |  ETA: 0:00:43[K
Progress:  54%|?????????????????????????????????????????????????????????????????????                  |  ETA: 0:00:43[K
Progress:  55%|?????????????????????????????????????????????????????????????????????                  |  ETA: 0:00:42[K
Progress:  55%|?????????????????????????????????????????????????????????????????????                  |  ETA: 0:00:42[K
Progress:  55%|?????????????????????????????????????????????????????????????????????                  |  ETA: 0:00:42[K
Progress:  56%|?????????????????????????????????????????????????????????????????????                  |  ETA: 0:00:42[K
Progress:  56%|?????????????????????????????????????????????????????????????????????                  |  ETA: 0:00:41[K
Progress:  56%|?????????????????????????????????????????????????????????????????????                  |  ETA: 0:00:41[K
Progress:  56%|????????????????????????????????????????????????????????????????????????                 |  ETA: 0:00:41[K
Progress:  56%|????????????????????????????????????????????????????????????????????????                 |  ETA: 0:00:40[K
Progress:  57%|????????????????????????????????????????????????????????????????????????                 |  ETA: 0:00:40[K
Progress:  57%|????????????????????????????????????????????????????????????????????????                 |  ETA: 0:00:40[K
Progress:  57%|????????????????????????????????????????????????????????????????????????                 |  ETA: 0:00:39[K
Progress:  58%|????????????????????????????????????????????????????????????????????????                 |  ETA: 0:00:39[K
Progress:  58%|????????????????????????????????????????????????????????????????????????                 |  ETA: 0:00:39[K
Progress:  58%|????????????????????????????????????????????????????????????????????????                 |  ETA: 0:00:39[K
Progress:  58%|????????????????????????????????????????????????????????????????????????                 |  ETA: 0:00:39[K
Progress:  58%|????????????????????????????????????????????????????????????????????????                 |  ETA: 0:00:38[K
Progress:  59%|???????????????????????????????????????????????????????????????????????????                |  ETA: 0:00:38[K
Progress:  59%|???????????????????????????????????????????????????????????????????????????                |  ETA: 0:00:38[K
Progress:  59%|???????????????????????????????????????????????????????????????????????????                |  ETA: 0:00:37[K
Progress:  60%|???????????????????????????????????????????????????????????????????????????                |  ETA: 0:00:37[K
Progress:  60%|???????????????????????????????????????????????????????????????????????????                |  ETA: 0:00:37[K
Progress:  60%|???????????????????????????????????????????????????????????????????????????                |  ETA: 0:00:37[K
Progress:  60%|???????????????????????????????????????????????????????????????????????????                |  ETA: 0:00:36[K
Progress:  60%|???????????????????????????????????????????????????????????????????????????                |  ETA: 0:00:36[K
Progress:  61%|???????????????????????????????????????????????????????????????????????????                |  ETA: 0:00:36[K
Progress:  61%|??????????????????????????????????????????????????????????????????????????????               |  ETA: 0:00:36[K
Progress:  61%|??????????????????????????????????????????????????????????????????????????????               |  ETA: 0:00:35[K
Progress:  62%|??????????????????????????????????????????????????????????????????????????????               |  ETA: 0:00:35[K
Progress:  62%|??????????????????????????????????????????????????????????????????????????????               |  ETA: 0:00:35[K
Progress:  62%|??????????????????????????????????????????????????????????????????????????????               |  ETA: 0:00:34[K
Progress:  62%|??????????????????????????????????????????????????????????????????????????????               |  ETA: 0:00:34[K
Progress:  62%|??????????????????????????????????????????????????????????????????????????????               |  ETA: 0:00:34[K
Progress:  63%|??????????????????????????????????????????????????????????????????????????????               |  ETA: 0:00:34[K
Progress:  63%|??????????????????????????????????????????????????????????????????????????????               |  ETA: 0:00:33[K
Progress:  63%|??????????????????????????????????????????????????????????????????????????????               |  ETA: 0:00:33[K
Progress:  64%|?????????????????????????????????????????????????????????????????????????????????              |  ETA: 0:00:33[K
Progress:  64%|?????????????????????????????????????????????????????????????????????????????????              |  ETA: 0:00:33[K
Progress:  64%|?????????????????????????????????????????????????????????????????????????????????              |  ETA: 0:00:32[K
Progress:  64%|?????????????????????????????????????????????????????????????????????????????????              |  ETA: 0:00:32[K
Progress:  64%|?????????????????????????????????????????????????????????????????????????????????              |  ETA: 0:00:32[K
Progress:  65%|?????????????????????????????????????????????????????????????????????????????????              |  ETA: 0:00:32[K
Progress:  65%|?????????????????????????????????????????????????????????????????????????????????              |  ETA: 0:00:31[K
Progress:  65%|?????????????????????????????????????????????????????????????????????????????????              |  ETA: 0:00:31[K
Progress:  66%|?????????????????????????????????????????????????????????????????????????????????              |  ETA: 0:00:31[K
Progress:  66%|?????????????????????????????????????????????????????????????????????????????????              |  ETA: 0:00:31[K
Progress:  66%|????????????????????????????????????????????????????????????????????????????????????             |  ETA: 0:00:30[K
Progress:  66%|????????????????????????????????????????????????????????????????????????????????????             |  ETA: 0:00:30[K
Progress:  66%|????????????????????????????????????????????????????????????????????????????????????             |  ETA: 0:00:30[K
Progress:  67%|????????????????????????????????????????????????????????????????????????????????????             |  ETA: 0:00:30[K
Progress:  67%|????????????????????????????????????????????????????????????????????????????????????             |  ETA: 0:00:29[K
Progress:  67%|????????????????????????????????????????????????????????????????????????????????????             |  ETA: 0:00:29[K
Progress:  68%|????????????????????????????????????????????????????????????????????????????????????             |  ETA: 0:00:29[K
Progress:  68%|????????????????????????????????????????????????????????????????????????????????????             |  ETA: 0:00:29[K
Progress:  68%|????????????????????????????????????????????????????????????????????????????????????             |  ETA: 0:00:28[K
Progress:  68%|????????????????????????????????????????????????????????????????????????????????????             |  ETA: 0:00:28[K
Progress:  68%|???????????????????????????????????????????????????????????????????????????????????????            |  ETA: 0:00:28[K
Progress:  69%|???????????????????????????????????????????????????????????????????????????????????????            |  ETA: 0:00:28[K
Progress:  69%|???????????????????????????????????????????????????????????????????????????????????????            |  ETA: 0:00:27[K
Progress:  69%|???????????????????????????????????????????????????????????????????????????????????????            |  ETA: 0:00:27[K
Progress:  70%|???????????????????????????????????????????????????????????????????????????????????????            |  ETA: 0:00:27[K
Progress:  70%|???????????????????????????????????????????????????????????????????????????????????????            |  ETA: 0:00:27[K
Progress:  70%|???????????????????????????????????????????????????????????????????????????????????????            |  ETA: 0:00:26[K
Progress:  70%|???????????????????????????????????????????????????????????????????????????????????????            |  ETA: 0:00:26[K
Progress:  70%|???????????????????????????????????????????????????????????????????????????????????????            |  ETA: 0:00:26[K
Progress:  71%|??????????????????????????????????????????????????????????????????????????????????????????           |  ETA: 0:00:26[K
Progress:  71%|??????????????????????????????????????????????????????????????????????????????????????????           |  ETA: 0:00:25[K
Progress:  71%|??????????????????????????????????????????????????????????????????????????????????????????           |  ETA: 0:00:25[K
Progress:  72%|??????????????????????????????????????????????????????????????????????????????????????????           |  ETA: 0:00:25[K
Progress:  72%|??????????????????????????????????????????????????????????????????????????????????????????           |  ETA: 0:00:25[K
Progress:  72%|??????????????????????????????????????????????????????????????????????????????????????????           |  ETA: 0:00:25[K
Progress:  72%|??????????????????????????????????????????????????????????????????????????????????????????           |  ETA: 0:00:24[K
Progress:  72%|??????????????????????????????????????????????????????????????????????????????????????????           |  ETA: 0:00:24[K
Progress:  73%|??????????????????????????????????????????????????????????????????????????????????????????           |  ETA: 0:00:24[K
Progress:  73%|??????????????????????????????????????????????????????????????????????????????????????????           |  ETA: 0:00:24[K
Progress:  73%|?????????????????????????????????????????????????????????????????????????????????????????????          |  ETA: 0:00:23[K
Progress:  74%|?????????????????????????????????????????????????????????????????????????????????????????????          |  ETA: 0:00:23[K
Progress:  74%|?????????????????????????????????????????????????????????????????????????????????????????????          |  ETA: 0:00:23[K
Progress:  74%|?????????????????????????????????????????????????????????????????????????????????????????????          |  ETA: 0:00:23[K
Progress:  74%|?????????????????????????????????????????????????????????????????????????????????????????????          |  ETA: 0:00:22[K
Progress:  74%|?????????????????????????????????????????????????????????????????????????????????????????????          |  ETA: 0:00:22[K
Progress:  75%|?????????????????????????????????????????????????????????????????????????????????????????????          |  ETA: 0:00:22[K
Progress:  75%|?????????????????????????????????????????????????????????????????????????????????????????????          |  ETA: 0:00:22[K
Progress:  75%|?????????????????????????????????????????????????????????????????????????????????????????????          |  ETA: 0:00:23[K
Progress:  76%|?????????????????????????????????????????????????????????????????????????????????????????????          |  ETA: 0:00:23[K
Progress:  76%|????????????????????????????????????????????????????????????????????????????????????????????????         |  ETA: 0:00:22[K
Progress:  76%|????????????????????????????????????????????????????????????????????????????????????????????????         |  ETA: 0:00:22[K
Progress:  76%|????????????????????????????????????????????????????????????????????????????????????????????????         |  ETA: 0:00:22[K
Progress:  76%|????????????????????????????????????????????????????????????????????????????????????????????????         |  ETA: 0:00:22[K
Progress:  77%|????????????????????????????????????????????????????????????????????????????????????????????????         |  ETA: 0:00:21[K
Progress:  77%|????????????????????????????????????????????????????????????????????????????????????????????????         |  ETA: 0:00:21[K
Progress:  77%|????????????????????????????????????????????????????????????????????????????????????????????????         |  ETA: 0:00:21[K
Progress:  78%|????????????????????????????????????????????????????????????????????????????????????????????????         |  ETA: 0:00:21[K
Progress:  78%|????????????????????????????????????????????????????????????????????????????????????????????????         |  ETA: 0:00:20[K
Progress:  78%|????????????????????????????????????????????????????????????????????????????????????????????????         |  ETA: 0:00:20[K
Progress:  78%|???????????????????????????????????????????????????????????????????????????????????????????????????        |  ETA: 0:00:20[K
Progress:  78%|???????????????????????????????????????????????????????????????????????????????????????????????????        |  ETA: 0:00:20[K
Progress:  79%|???????????????????????????????????????????????????????????????????????????????????????????????????        |  ETA: 0:00:19[K
Progress:  79%|???????????????????????????????????????????????????????????????????????????????????????????????????        |  ETA: 0:00:19[K
Progress:  79%|???????????????????????????????????????????????????????????????????????????????????????????????????        |  ETA: 0:00:19[K
Progress:  80%|???????????????????????????????????????????????????????????????????????????????????????????????????        |  ETA: 0:00:19[K
Progress:  80%|???????????????????????????????????????????????????????????????????????????????????????????????????        |  ETA: 0:00:18[K
Progress:  80%|???????????????????????????????????????????????????????????????????????????????????????????????????        |  ETA: 0:00:18[K
Progress:  80%|???????????????????????????????????????????????????????????????????????????????????????????????????        |  ETA: 0:00:18[K
Progress:  80%|??????????????????????????????????????????????????????????????????????????????????????????????????????       |  ETA: 0:00:18[K
Progress:  81%|??????????????????????????????????????????????????????????????????????????????????????????????????????       |  ETA: 0:00:18[K
Progress:  81%|??????????????????????????????????????????????????????????????????????????????????????????????????????       |  ETA: 0:00:17[K
Progress:  81%|??????????????????????????????????????????????????????????????????????????????????????????????????????       |  ETA: 0:00:17[K
Progress:  82%|??????????????????????????????????????????????????????????????????????????????????????????????????????       |  ETA: 0:00:17[K
Progress:  82%|??????????????????????????????????????????????????????????????????????????????????????????????????????       |  ETA: 0:00:17[K
Progress:  82%|??????????????????????????????????????????????????????????????????????????????????????????????????????       |  ETA: 0:00:16[K
Progress:  82%|??????????????????????????????????????????????????????????????????????????????????????????????????????       |  ETA: 0:00:16[K
Progress:  82%|??????????????????????????????????????????????????????????????????????????????????????????????????????       |  ETA: 0:00:16[K
Progress:  83%|??????????????????????????????????????????????????????????????????????????????????????????????????????       |  ETA: 0:00:16[K
Progress:  83%|?????????????????????????????????????????????????????????????????????????????????????????????????????????      |  ETA: 0:00:15[K
Progress:  83%|?????????????????????????????????????????????????????????????????????????????????????????????????????????      |  ETA: 0:00:15[K
Progress:  84%|?????????????????????????????????????????????????????????????????????????????????????????????????????????      |  ETA: 0:00:15[K
Progress:  84%|?????????????????????????????????????????????????????????????????????????????????????????????????????????      |  ETA: 0:00:15[K
Progress:  84%|?????????????????????????????????????????????????????????????????????????????????????????????????????????      |  ETA: 0:00:14[K
Progress:  84%|?????????????????????????????????????????????????????????????????????????????????????????????????????????      |  ETA: 0:00:14[K
Progress:  84%|?????????????????????????????????????????????????????????????????????????????????????????????????????????      |  ETA: 0:00:14[K
Progress:  85%|?????????????????????????????????????????????????????????????????????????????????????????????????????????      |  ETA: 0:00:14[K
Progress:  85%|?????????????????????????????????????????????????????????????????????????????????????????????????????????      |  ETA: 0:00:13[K
Progress:  85%|?????????????????????????????????????????????????????????????????????????????????????????????????????????      |  ETA: 0:00:13[K
Progress:  86%|????????????????????????????????????????????????????????????????????????????????????????????????????????????     |  ETA: 0:00:13[K
Progress:  86%|????????????????????????????????????????????????????????????????????????????????????????????????????????????     |  ETA: 0:00:13[K
Progress:  86%|????????????????????????????????????????????????????????????????????????????????????????????????????????????     |  ETA: 0:00:13[K
Progress:  86%|????????????????????????????????????????????????????????????????????????????????????????????????????????????     |  ETA: 0:00:12[K
Progress:  86%|????????????????????????????????????????????????????????????????????????????????????????????????????????????     |  ETA: 0:00:12[K
Progress:  87%|????????????????????????????????????????????????????????????????????????????????????????????????????????????     |  ETA: 0:00:12[K
Progress:  87%|????????????????????????????????????????????????????????????????????????????????????????????????????????????     |  ETA: 0:00:12[K
Progress:  87%|????????????????????????????????????????????????????????????????????????????????????????????????????????????     |  ETA: 0:00:11[K
Progress:  88%|????????????????????????????????????????????????????????????????????????????????????????????????????????????     |  ETA: 0:00:11[K
Progress:  88%|????????????????????????????????????????????????????????????????????????????????????????????????????????????     |  ETA: 0:00:11[K
Progress:  88%|???????????????????????????????????????????????????????????????????????????????????????????????????????????????    |  ETA: 0:00:11[K
Progress:  88%|???????????????????????????????????????????????????????????????????????????????????????????????????????????????    |  ETA: 0:00:10[K
Progress:  88%|???????????????????????????????????????????????????????????????????????????????????????????????????????????????    |  ETA: 0:00:10[K
Progress:  89%|???????????????????????????????????????????????????????????????????????????????????????????????????????????????    |  ETA: 0:00:10[K
Progress:  89%|???????????????????????????????????????????????????????????????????????????????????????????????????????????????    |  ETA: 0:00:10[K
Progress:  89%|???????????????????????????????????????????????????????????????????????????????????????????????????????????????    |  ETA: 0:00:10[K
Progress:  90%|???????????????????????????????????????????????????????????????????????????????????????????????????????????????    |  ETA: 0:00:09[K
Progress:  90%|???????????????????????????????????????????????????????????????????????????????????????????????????????????????    |  ETA: 0:00:09[K
Progress:  90%|???????????????????????????????????????????????????????????????????????????????????????????????????????????????    |  ETA: 0:00:09[K
Progress:  90%|??????????????????????????????????????????????????????????????????????????????????????????????????????????????????   |  ETA: 0:00:09[K
Progress:  90%|??????????????????????????????????????????????????????????????????????????????????????????????????????????????????   |  ETA: 0:00:08[K
Progress:  91%|??????????????????????????????????????????????????????????????????????????????????????????????????????????????????   |  ETA: 0:00:08[K
Progress:  91%|??????????????????????????????????????????????????????????????????????????????????????????????????????????????????   |  ETA: 0:00:08[K
Progress:  91%|??????????????????????????????????????????????????????????????????????????????????????????????????????????????????   |  ETA: 0:00:08[K
Progress:  92%|??????????????????????????????????????????????????????????????????????????????????????????????????????????????????   |  ETA: 0:00:08[K
Progress:  92%|??????????????????????????????????????????????????????????????????????????????????????????????????????????????????   |  ETA: 0:00:07[K
Progress:  92%|??????????????????????????????????????????????????????????????????????????????????????????????????????????????????   |  ETA: 0:00:07[K
Progress:  92%|??????????????????????????????????????????????????????????????????????????????????????????????????????????????????   |  ETA: 0:00:07[K
Progress:  92%|??????????????????????????????????????????????????????????????????????????????????????????????????????????????????   |  ETA: 0:00:07[K
Progress:  93%|?????????????????????????????????????????????????????????????????????????????????????????????????????????????????????  |  ETA: 0:00:06[K
Progress:  93%|?????????????????????????????????????????????????????????????????????????????????????????????????????????????????????  |  ETA: 0:00:06[K
Progress:  93%|?????????????????????????????????????????????????????????????????????????????????????????????????????????????????????  |  ETA: 0:00:06[K
Progress:  94%|?????????????????????????????????????????????????????????????????????????????????????????????????????????????????????  |  ETA: 0:00:06[K
Progress:  94%|?????????????????????????????????????????????????????????????????????????????????????????????????????????????????????  |  ETA: 0:00:05[K
Progress:  94%|?????????????????????????????????????????????????????????????????????????????????????????????????????????????????????  |  ETA: 0:00:05[K
Progress:  94%|?????????????????????????????????????????????????????????????????????????????????????????????????????????????????????  |  ETA: 0:00:05[K
Progress:  94%|?????????????????????????????????????????????????????????????????????????????????????????????????????????????????????  |  ETA: 0:00:05[K
Progress:  95%|?????????????????????????????????????????????????????????????????????????????????????????????????????????????????????  |  ETA: 0:00:05[K
Progress:  95%|?????????????????????????????????????????????????????????????????????????????????????????????????????????????????????  |  ETA: 0:00:04[K
Progress:  95%|???????????????????????????????????????????????????????????????????????????????????????????????????????????????????????? |  ETA: 0:00:04[K
Progress:  96%|???????????????????????????????????????????????????????????????????????????????????????????????????????????????????????? |  ETA: 0:00:04[K
Progress:  96%|???????????????????????????????????????????????????????????????????????????????????????????????????????????????????????? |  ETA: 0:00:04[K
Progress:  96%|???????????????????????????????????????????????????????????????????????????????????????????????????????????????????????? |  ETA: 0:00:03[K
Progress:  96%|???????????????????????????????????????????????????????????????????????????????????????????????????????????????????????? |  ETA: 0:00:03[K
Progress:  96%|???????????????????????????????????????????????????????????????????????????????????????????????????????????????????????? |  ETA: 0:00:03[K
Progress:  97%|???????????????????????????????????????????????????????????????????????????????????????????????????????????????????????? |  ETA: 0:00:03[K
Progress:  97%|???????????????????????????????????????????????????????????????????????????????????????????????????????????????????????? |  ETA: 0:00:03[K
Progress:  97%|???????????????????????????????????????????????????????????????????????????????????????????????????????????????????????? |  ETA: 0:00:02[K
Progress:  98%|???????????????????????????????????????????????????????????????????????????????????????????????????????????????????????? |  ETA: 0:00:02[K
Progress:  98%|???????????????????????????????????????????????????????????????????????????????????????????????????????????????????????????|  ETA: 0:00:02[K
Progress:  98%|???????????????????????????????????????????????????????????????????????????????????????????????????????????????????????????|  ETA: 0:00:02[K
Progress:  98%|???????????????????????????????????????????????????????????????????????????????????????????????????????????????????????????|  ETA: 0:00:02[K
Progress:  98%|???????????????????????????????????????????????????????????????????????????????????????????????????????????????????????????|  ETA: 0:00:01[K
Progress:  99%|???????????????????????????????????????????????????????????????????????????????????????????????????????????????????????????|  ETA: 0:00:01[K
Progress:  99%|???????????????????????????????????????????????????????????????????????????????????????????????????????????????????????????|  ETA: 0:00:01[K
Progress:  99%|???????????????????????????????????????????????????????????????????????????????????????????????????????????????????????????|  ETA: 0:00:01[K
Progress:  99%|???????????????????????????????????????????????????????????????????????????????????????????????????????????????????????????|  ETA: 0:00:00[K
Progress:  99%|???????????????????????????????????????????????????????????????????????????????????????????????????????????????????????????|  ETA: 0:00:00[K
Progress: 100%|???????????????????????????????????????????????????????????????????????????????????????????????????????????????????????????| Time: 0:01:26[K
[ Info:     Took 86.93499994277954
[ Info: Total runtime: 94.56100010871887
C:\work\src\Mbo\examples\plot_2d.py:42: YAMLLoadWarning: calling yaml.load() without Loader=... is deprecated, as the default Loader is unsafe. Please read https://msg.pyyaml.org/load for full details.
  cfg = yaml.load(f)
C:\work\src\Mbo\examples\plot_2d.py:60: MatplotlibDeprecationWarning: shading='flat' when X and Y have the same dimensions as C is deprecated since 3.3.  Either specify the corners of the quadrilaterals with X and Y, or pass shading='auto', 'nearest' or 'gouraud', or set rcParams['pcolor.shading'].  This will become an error two minor releases later.
  plt.pcolormesh(expand_axis(t_1), expand_axis(t_3), z.T, cmap=plt.cm.seismic, vmin=-lim, vmax=lim)
C:\work\src\Mbo\examples\plot_2d.py:79: MatplotlibDeprecationWarning: shading='flat' when X and Y have the same dimensions as C is deprecated since 3.3.  Either specify the corners of the quadrilaterals with X and Y, or pass shading='auto', 'nearest' or 'gouraud', or set rcParams['pcolor.shading'].  This will become an error two minor releases later.
  plt.pcolormesh(expand_axis(f_1), expand_axis(f_3), z.T, cmap=plt.cm.seismic, vmin=-lim, vmax=lim)
